This file contains any messages produced by compilers while
running configure, to aid debugging if configure makes a mistake.

It was created by BCFtools configure 1.6, which was
generated by GNU Autoconf 2.68.  Invocation command line was

  $ ./configure 

## --------- ##
## Platform. ##
## --------- ##

hostname = Eldins-MacBook-Pro.local
uname -m = x86_64
uname -r = 17.3.0
uname -s = Darwin
uname -v = Darwin Kernel Version 17.3.0: Thu Nov  9 18:09:22 PST 2017; root:xnu-4570.31.3~1/RELEASE_X86_64

/usr/bin/uname -p = i386
/bin/uname -X     = unknown

/bin/arch              = unknown
/usr/bin/arch -k       = unknown
/usr/convex/getsysinfo = unknown
/usr/bin/hostinfo      = Mach kernel version:
	 Darwin Kernel Version 17.3.0: Thu Nov  9 18:09:22 PST 2017; root:xnu-4570.31.3~1/RELEASE_X86_64
Kernel configured for up to 8 processors.
4 processors are physically available.
8 processors are logically available.
Processor type: x86_64h (Intel x86-64h Haswell)
Processors active: 0 1 2 3 4 5 6 7
Primary memory available: 16.00 gigabytes
Default processor set: 432 tasks, 1872 threads, 8 processors
Load average: 1.25, Mach factor: 6.74
/bin/machine           = unknown
/usr/bin/oslevel       = unknown
/bin/universe          = unknown

PATH: /Users/eldintalundzic/_BIOF_venv/biof_armory/bwa
PATH: /Users/eldintalundzic/_BIOF_venv/biof_armory/bbmap
PATH: /Library/Java/JavaVirtualMachines/jdk1.8.0_161.jdk/Contents/Home
PATH: /usr/bin
PATH: /bin
PATH: /usr/sbin
PATH: /sbin
PATH: /usr/local/bin
PATH: /usr/local/bin
PATH: /usr/bin
PATH: /bin
PATH: /usr/sbin
PATH: /sbin/bin
PATH: /usr/bin
PATH: /bin
PATH: /usr/sbin
PATH: /sbin
PATH: /usr/local/bin
PATH: /usr/local/bin
PATH: /usr/bin
PATH: /bin
PATH: /usr/sbin
PATH: /sbin


## ----------- ##
## Core tests. ##
## ----------- ##

configure:1961: checking for gcc
configure:1977: found /usr/bin/gcc
configure:1988: result: gcc
configure:2217: checking for C compiler version
configure:2226: gcc --version >&5
Apple LLVM version 9.0.0 (clang-900.0.39.2)
Target: x86_64-apple-darwin17.3.0
Thread model: posix
InstalledDir: /Library/Developer/CommandLineTools/usr/bin
Configured with: --prefix=/Library/Developer/CommandLineTools/usr --with-gxx-include-dir=/usr/include/c++/4.2.1
configure:2237: $? = 0
configure:2226: gcc -v >&5
Configured with: --prefix=/Library/Developer/CommandLineTools/usr --with-gxx-include-dir=/usr/include/c++/4.2.1
Apple LLVM version 9.0.0 (clang-900.0.39.2)
Target: x86_64-apple-darwin17.3.0
Thread model: posix
InstalledDir: /Library/Developer/CommandLineTools/usr/bin
configure:2237: $? = 0
configure:2226: gcc -V >&5
clang: error: argument to '-V' is missing (expected 1 value)
clang: error: no input files
configure:2237: $? = 1
configure:2226: gcc -qversion >&5
clang: error: unknown argument: '-qversion'
clang: error: no input files
configure:2237: $? = 1
configure:2257: checking whether the C compiler works
configure:2279: gcc    conftest.c  >&5
configure:2283: $? = 0
configure:2331: result: yes
configure:2334: checking for C compiler default output file name
configure:2336: result: a.out
configure:2342: checking for suffix of executables
configure:2349: gcc -o conftest    conftest.c  >&5
configure:2353: $? = 0
configure:2375: result: 
configure:2397: checking whether we are cross compiling
configure:2405: gcc -o conftest    conftest.c  >&5
configure:2409: $? = 0
configure:2416: ./conftest
configure:2420: $? = 0
configure:2435: result: no
configure:2440: checking for suffix of object files
configure:2462: gcc -c   conftest.c >&5
configure:2466: $? = 0
configure:2487: result: o
configure:2491: checking whether we are using the GNU C compiler
configure:2510: gcc -c   conftest.c >&5
configure:2510: $? = 0
configure:2519: result: yes
configure:2528: checking whether gcc accepts -g
configure:2548: gcc -c -g  conftest.c >&5
configure:2548: $? = 0
configure:2589: result: yes
configure:2606: checking for gcc option to accept ISO C89
configure:2670: gcc  -c -g -O2  conftest.c >&5
configure:2670: $? = 0
configure:2683: result: none needed
configure:2712: checking for special C compiler options needed for large files
configure:2757: result: no
configure:2763: checking for _FILE_OFFSET_BITS value needed for large files
configure:2788: gcc -c -g -O2  conftest.c >&5
configure:2788: $? = 0
configure:2820: result: no
configure:3011: checking location of HTSlib source tree
configure:3032: result: htslib-1.6
configure:3217: checking shared library type
configure:3236: result: Darwin dylib
configure:3249: checking for library containing dlopen
configure:3280: gcc -o conftest -g -O2   conftest.c  >&5
configure:3280: $? = 0
configure:3297: result: none required
configure:3312: checking if the compiler accepts -rdynamic
configure:3327: gcc -o conftest -g -O2 -rdynamic   conftest.c  >&5
configure:3327: $? = 0
configure:3335: result: yes
configure:3348: checking for zlib.h
configure:3348: gcc -c -g -O2  conftest.c >&5
configure:3348: $? = 0
configure:3348: result: yes
configure:3357: checking for inflate in -lz
configure:3382: gcc -o conftest -g -O2   conftest.c -lz   >&5
configure:3382: $? = 0
configure:3391: result: yes
configure:3721: creating ./config.status

## ---------------------- ##
## Running config.status. ##
## ---------------------- ##

This file was extended by BCFtools config.status 1.6, which was
generated by GNU Autoconf 2.68.  Invocation command line was

  CONFIG_FILES    = 
  CONFIG_HEADERS  = 
  CONFIG_LINKS    = 
  CONFIG_COMMANDS = 
  $ ./config.status 

on Eldins-MacBook-Pro.local

config.status:814: creating config.mk
config.status:814: creating config.h
configure:4958: === configuring in htslib-1.6 (/Users/eldintalundzic/_BIOF_venv/biof_armory/bcftools-1.6/htslib-1.6)
configure:5021: running /bin/sh ./configure --disable-option-checking '--prefix=/usr/local'  --cache-file=/dev/null --srcdir=.

## ---------------- ##
## Cache variables. ##
## ---------------- ##

ac_cv_c_compiler_gnu=yes
ac_cv_env_CC_set=
ac_cv_env_CC_value=
ac_cv_env_CFLAGS_set=
ac_cv_env_CFLAGS_value=
ac_cv_env_CPPFLAGS_set=
ac_cv_env_CPPFLAGS_value=
ac_cv_env_LDFLAGS_set=
ac_cv_env_LDFLAGS_value=
ac_cv_env_LIBS_set=
ac_cv_env_LIBS_value=
ac_cv_env_build_alias_set=
ac_cv_env_build_alias_value=
ac_cv_env_host_alias_set=
ac_cv_env_host_alias_value=
ac_cv_env_target_alias_set=
ac_cv_env_target_alias_value=
ac_cv_header_zlib_h=yes
ac_cv_lib_z_inflate=yes
ac_cv_objext=o
ac_cv_prog_ac_ct_CC=gcc
ac_cv_prog_cc_c89=
ac_cv_prog_cc_g=yes
ac_cv_search_dlopen='none required'
ac_cv_sys_file_offset_bits=no
ac_cv_sys_largefile_CC=no
ax_cv_htslib=yes
ax_cv_htslib_which=source

## ----------------- ##
## Output variables. ##
## ----------------- ##

CC='gcc'
CC_RDYNAMIC_OPT='-rdynamic'
CFLAGS='-g -O2'
CPPFLAGS=''
DEFS='-DHAVE_CONFIG_H'
ECHO_C='\c'
ECHO_N=''
ECHO_T=''
EXEEXT=''
GSL_LIBS=''
HTSDIR='htslib-1.6'
HTSLIB_CPPFLAGS='-Ihtslib-1.6'
HTSLIB_LDFLAGS='-Lhtslib-1.6'
Hinstall='#'
Hsource=''
LDFLAGS=''
LIBOBJS=''
LIBS=''
LTLIBOBJS=''
OBJEXT='o'
PACKAGE_BUGREPORT='samtools-help@lists.sourceforge.net'
PACKAGE_NAME='BCFtools'
PACKAGE_STRING='BCFtools 1.6'
PACKAGE_TARNAME='bcftools'
PACKAGE_URL='http://www.htslib.org/'
PACKAGE_VERSION='1.6'
PATH_SEPARATOR=':'
PLATFORM='Darwin'
PLUGINPATH='$(libexecdir)/bcftools'
PLUGIN_EXT='.so'
SHELL='/bin/sh'
USE_GPL=''
ac_ct_CC='gcc'
bcf_plugindir='$(libexecdir)/bcftools'
bindir='${exec_prefix}/bin'
build_alias=''
datadir='${datarootdir}'
datarootdir='${prefix}/share'
docdir='${datarootdir}/doc/${PACKAGE_TARNAME}'
dvidir='${docdir}'
enable_bcftools_plugins='yes'
exec_prefix='${prefix}'
host_alias='unknown-Darwin'
htmldir='${docdir}'
includedir='${prefix}/include'
infodir='${datarootdir}/info'
libdir='${exec_prefix}/lib'
libexecdir='${exec_prefix}/libexec'
localedir='${datarootdir}/locale'
localstatedir='${prefix}/var'
mandir='${datarootdir}/man'
oldincludedir='/usr/include'
pdfdir='${docdir}'
prefix='/usr/local'
program_transform_name='s,x,x,'
psdir='${docdir}'
sbindir='${exec_prefix}/sbin'
sharedstatedir='${prefix}/com'
subdirs=' htslib-1.6'
sysconfdir='${prefix}/etc'
target_alias=''

## ----------- ##
## confdefs.h. ##
## ----------- ##

/* confdefs.h */
#define PACKAGE_NAME "BCFtools"
#define PACKAGE_TARNAME "bcftools"
#define PACKAGE_VERSION "1.6"
#define PACKAGE_STRING "BCFtools 1.6"
#define PACKAGE_BUGREPORT "samtools-help@lists.sourceforge.net"
#define PACKAGE_URL "http://www.htslib.org/"
#define PLUGIN_EXT ".so"
#define ENABLE_BCF_PLUGINS 1
#define HAVE_LIBZ 1

configure: exit 0
